[     293ms] [INFO] %cDownload the React DevTools for a better development experience: https://react.dev/link/react-devtools font-weight:bold @ http://localhost:3000/_next/static/chunks/4bb9c_next_dist_f6ff3daf._.js:2297
[     359ms] [LOG] [HMR] connected @ http://localhost:3000/_next/static/chunks/4bb9c_next_dist_f6ff3daf._.js:2297
[  529624ms] [LOG] [Fast Refresh] rebuilding @ http://localhost:3000/_next/static/chunks/4bb9c_next_dist_f6ff3daf._.js:2297
[  529787ms] [LOG] [Fast Refresh] done in 205ms @ http://localhost:3000/_next/static/chunks/4bb9c_next_dist_f6ff3daf._.js:2297
[  549477ms] [LOG] [Fast Refresh] rebuilding @ http://localhost:3000/_next/static/chunks/4bb9c_next_dist_f6ff3daf._.js:2297
[  549504ms] [LOG] [Fast Refresh] done in 69ms @ http://localhost:3000/_next/static/chunks/4bb9c_next_dist_f6ff3daf._.js:2297
[  592386ms] [LOG] [Fast Refresh] rebuilding @ http://localhost:3000/_next/static/chunks/4bb9c_next_dist_f6ff3daf._.js:2297
[  592415ms] [LOG] [Fast Refresh] done in 67ms @ http://localhost:3000/_next/static/chunks/4bb9c_next_dist_f6ff3daf._.js:2297
[  603938ms] [LOG] [Fast Refresh] rebuilding @ http://localhost:3000/_next/static/chunks/4bb9c_next_dist_f6ff3daf._.js:2297
[  603976ms] [LOG] [Fast Refresh] done in 84ms @ http://localhost:3000/_next/static/chunks/4bb9c_next_dist_f6ff3daf._.js:2297
[  616306ms] [LOG] [Fast Refresh] rebuilding @ http://localhost:3000/_next/static/chunks/4bb9c_next_dist_f6ff3daf._.js:2297
[  616378ms] ReferenceError: DUMMY_REPORTS is not defined
    at ManagerPage (http://localhost:3000/_next/static/chunks/construction-staff-app_src_562d93da._.js?id=%255Bproject%255D%252Fconstruction-staff-app%252Fsrc%252Fapp%252Fdemo%252Fmanager%252Fpage.tsx+%255Bapp-client%255D+%2528ecmascript%2529:683:28)
    at Object.react_stack_bottom_frame (http://localhost:3000/_next/static/chunks/4bb9c_next_dist_compiled_react-dom_4b57ca5e._.js:14826:24)
    at renderWithHooks (http://localhost:3000/_next/static/chunks/4bb9c_next_dist_compiled_react-dom_4b57ca5e._.js:4651:24)
    at updateFunctionComponent (http://localhost:3000/_next/static/chunks/4bb9c_next_dist_compiled_react-dom_4b57ca5e._.js:6112:21)
    at beginWork (http://localhost:3000/_next/static/chunks/4bb9c_next_dist_compiled_react-dom_4b57ca5e._.js:6708:24)
    at runWithFiberInDEV (http://localhost:3000/_next/static/chunks/4bb9c_next_dist_compiled_react-dom_4b57ca5e._.js:965:74)
    at performUnitOfWork (http://localhost:3000/_next/static/chunks/4bb9c_next_dist_compiled_react-dom_4b57ca5e._.js:9562:97)
    at workLoopSync (http://localhost:3000/_next/static/chunks/4bb9c_next_dist_compiled_react-dom_4b57ca5e._.js:9456:40)
    at renderRootSync (http://localhost:3000/_next/static/chunks/4bb9c_next_dist_compiled_react-dom_4b57ca5e._.js:9440:13)
    at performWorkOnRoot (http://localhost:3000/_next/static/chunks/4bb9c_next_dist_compiled_react-dom_4b57ca5e._.js:9105:47)
    at performSyncWorkOnRoot (http://localhost:3000/_next/static/chunks/4bb9c_next_dist_compiled_react-dom_4b57ca5e._.js:10238:9)
    at flushSyncWorkAcrossRoots_impl (http://localhost:3000/_next/static/chunks/4bb9c_next_dist_compiled_react-dom_4b57ca5e._.js:10154:316)
    at flushSyncWork$1 (http://localhost:3000/_next/static/chunks/4bb9c_next_dist_compiled_react-dom_4b57ca5e._.js:9237:86)
    at Object.scheduleRefresh (http://localhost:3000/_next/static/chunks/4bb9c_next_dist_compiled_react-dom_4b57ca5e._.js:299:13)
    at http://localhost:3000/_next/static/chunks/4bb9c_next_dist_compiled_412e5da6._.js:391:33
    at Set.forEach (<anonymous>)
    at Object.performReactRefresh (http://localhost:3000/_next/static/chunks/4bb9c_next_dist_compiled_412e5da6._.js:384:38)
    at applyUpdate (http://localhost:3000/_next/static/chunks/4bb9c_next_dist_compiled_412e5da6._.js:878:31)
    at http://localhost:3000/_next/static/chunks/4bb9c_next_dist_compiled_412e5da6._.js:886:13
[  616413ms] [LOG] [Fast Refresh] done in 123ms @ http://localhost:3000/_next/static/chunks/4bb9c_next_dist_f6ff3daf._.js:2297
[  625219ms] [LOG] [Fast Refresh] rebuilding @ http://localhost:3000/_next/static/chunks/4bb9c_next_dist_f6ff3daf._.js:2297
[  625280ms] [ERROR] ./construction-staff-app/src/lib/supabase.ts:1:1
Module not found: Can't resolve '@supabase/supabase-js'
> 1 | import { createClient } from "@supabase/supabase-js";
    | ^^^^^^^^^^^^^^^^^^^^^^^^^^^^^^^^^^^^^^^^^^^^^^^^^^^^^
  2 |
  3 | const supabaseUrl = process.env.NEXT_PUBLIC_SUPABASE_URL!;
  4 | const supabaseAnonKey = process.env.NEXT_PUBLIC_SUPABASE_ANON_KEY!;

Import traces:
  Client Component Browser:
    ./construction-staff-app/src/lib/supabase.ts [Client Component Browser]
    ./construction-staff-app/src/app/demo/manager/page.tsx [Client Component Browser]
    ./construction-staff-app/src/app/demo/manager/page.tsx [Server Component]

  Client Component SSR:
    ./construction-staff-app/src/lib/supabase.ts [Client Component SSR]
    ./construction-staff-app/src/app/demo/manager/page.tsx [Client Component SSR]
    ./construction-staff-app/src/app/demo/manager/page.tsx [Server Component]

https://nextjs.org/docs/messages/module-not-found @ http://localhost:3000/_next/static/chunks/4bb9c_next_dist_f6ff3daf._.js:3127
[  634923ms] [ERROR] ./construction-staff-app/src/lib/supabase.ts:1:1
Module not found: Can't resolve '@supabase/supabase-js'
> 1 | import { createClient } from "@supabase/supabase-js";
    | ^^^^^^^^^^^^^^^^^^^^^^^^^^^^^^^^^^^^^^^^^^^^^^^^^^^^^
  2 |
  3 | const supabaseUrl = process.env.NEXT_PUBLIC_SUPABASE_URL!;
  4 | const supabaseAnonKey = process.env.NEXT_PUBLIC_SUPABASE_ANON_KEY!;

Import traces:
  Client Component Browser:
    ./construction-staff-app/src/lib/supabase.ts [Client Component Browser]
    ./construction-staff-app/src/app/demo/manager/page.tsx [Client Component Browser]
    ./construction-staff-app/src/app/demo/manager/page.tsx [Server Component]

  Client Component SSR:
    ./construction-staff-app/src/lib/supabase.ts [Client Component SSR]
    ./construction-staff-app/src/app/demo/manager/page.tsx [Client Component SSR]
    ./construction-staff-app/src/app/demo/manager/page.tsx [Server Component]

https://nextjs.org/docs/messages/module-not-found @ http://localhost:3000/_next/static/chunks/4bb9c_next_dist_f6ff3daf._.js:3127
[  634969ms] [LOG] [Fast Refresh] rebuilding @ http://localhost:3000/_next/static/chunks/4bb9c_next_dist_f6ff3daf._.js:2297
[  643659ms] [LOG] [Fast Refresh] rebuilding @ http://localhost:3000/_next/static/chunks/4bb9c_next_dist_f6ff3daf._.js:2297
[  643660ms] [ERROR] ./construction-staff-app/src/lib/supabase.ts:1:1
Module not found: Can't resolve '@supabase/supabase-js'
> 1 | import { createClient } from "@supabase/supabase-js";
    | ^^^^^^^^^^^^^^^^^^^^^^^^^^^^^^^^^^^^^^^^^^^^^^^^^^^^^
  2 |
  3 | const supabaseUrl = process.env.NEXT_PUBLIC_SUPABASE_URL!;
  4 | const supabaseAnonKey = process.env.NEXT_PUBLIC_SUPABASE_ANON_KEY!;

Import traces:
  Client Component Browser:
    ./construction-staff-app/src/lib/supabase.ts [Client Component Browser]
    ./construction-staff-app/src/app/demo/manager/page.tsx [Client Component Browser]
    ./construction-staff-app/src/app/demo/manager/page.tsx [Server Component]

  Client Component SSR:
    ./construction-staff-app/src/lib/supabase.ts [Client Component SSR]
    ./construction-staff-app/src/app/demo/manager/page.tsx [Client Component SSR]
    ./construction-staff-app/src/app/demo/manager/page.tsx [Server Component]

https://nextjs.org/docs/messages/module-not-found @ http://localhost:3000/_next/static/chunks/4bb9c_next_dist_f6ff3daf._.js:3127
[  651410ms] [ERROR] ./construction-staff-app/src/lib/supabase.ts:1:1
Module not found: Can't resolve '@supabase/supabase-js'
> 1 | import { createClient } from "@supabase/supabase-js";
    | ^^^^^^^^^^^^^^^^^^^^^^^^^^^^^^^^^^^^^^^^^^^^^^^^^^^^^
  2 |
  3 | const supabaseUrl = process.env.NEXT_PUBLIC_SUPABASE_URL!;
  4 | const supabaseAnonKey = process.env.NEXT_PUBLIC_SUPABASE_ANON_KEY!;

Import traces:
  Client Component Browser:
    ./construction-staff-app/src/lib/supabase.ts [Client Component Browser]
    ./construction-staff-app/src/app/demo/manager/page.tsx [Client Component Browser]
    ./construction-staff-app/src/app/demo/manager/page.tsx [Server Component]

  Client Component SSR:
    ./construction-staff-app/src/lib/supabase.ts [Client Component SSR]
    ./construction-staff-app/src/app/demo/manager/page.tsx [Client Component SSR]
    ./construction-staff-app/src/app/demo/manager/page.tsx [Server Component]

https://nextjs.org/docs/messages/module-not-found @ http://localhost:3000/_next/static/chunks/4bb9c_next_dist_f6ff3daf._.js:3127
[  651454ms] [LOG] [Fast Refresh] rebuilding @ http://localhost:3000/_next/static/chunks/4bb9c_next_dist_f6ff3daf._.js:2297
[  654404ms] [ERROR] ./construction-staff-app/src/lib/supabase.ts:1:1
Module not found: Can't resolve '@supabase/supabase-js'
> 1 | import { createClient } from "@supabase/supabase-js";
    | ^^^^^^^^^^^^^^^^^^^^^^^^^^^^^^^^^^^^^^^^^^^^^^^^^^^^^
  2 |
  3 | const supabaseUrl = process.env.NEXT_PUBLIC_SUPABASE_URL!;
  4 | const supabaseAnonKey = process.env.NEXT_PUBLIC_SUPABASE_ANON_KEY!;

Import traces:
  Client Component Browser:
    ./construction-staff-app/src/lib/supabase.ts [Client Component Browser]
    ./construction-staff-app/src/app/demo/manager/page.tsx [Client Component Browser]
    ./construction-staff-app/src/app/demo/manager/page.tsx [Server Component]

  Client Component SSR:
    ./construction-staff-app/src/lib/supabase.ts [Client Component SSR]
    ./construction-staff-app/src/app/demo/manager/page.tsx [Client Component SSR]
    ./construction-staff-app/src/app/demo/manager/page.tsx [Server Component]

https://nextjs.org/docs/messages/module-not-found @ http://localhost:3000/_next/static/chunks/4bb9c_next_dist_f6ff3daf._.js:3127
[  654449ms] [LOG] [Fast Refresh] rebuilding @ http://localhost:3000/_next/static/chunks/4bb9c_next_dist_f6ff3daf._.js:2297
[  662165ms] [ERROR] ./construction-staff-app/src/lib/supabase.ts:1:1
Module not found: Can't resolve '@supabase/supabase-js'
> 1 | import { createClient } from "@supabase/supabase-js";
    | ^^^^^^^^^^^^^^^^^^^^^^^^^^^^^^^^^^^^^^^^^^^^^^^^^^^^^
  2 |
  3 | const supabaseUrl = process.env.NEXT_PUBLIC_SUPABASE_URL!;
  4 | const supabaseAnonKey = process.env.NEXT_PUBLIC_SUPABASE_ANON_KEY!;

Import traces:
  Client Component Browser:
    ./construction-staff-app/src/lib/supabase.ts [Client Component Browser]
    ./construction-staff-app/src/app/demo/manager/page.tsx [Client Component Browser]
    ./construction-staff-app/src/app/demo/manager/page.tsx [Server Component]

  Client Component SSR:
    ./construction-staff-app/src/lib/supabase.ts [Client Component SSR]
    ./construction-staff-app/src/app/demo/manager/page.tsx [Client Component SSR]
    ./construction-staff-app/src/app/demo/manager/page.tsx [Server Component]

https://nextjs.org/docs/messages/module-not-found @ http://localhost:3000/_next/static/chunks/4bb9c_next_dist_f6ff3daf._.js:3127
[  662224ms] [LOG] [Fast Refresh] rebuilding @ http://localhost:3000/_next/static/chunks/4bb9c_next_dist_f6ff3daf._.js:2297
[  666573ms] [ERROR] ./construction-staff-app/src/lib/supabase.ts:1:1
Module not found: Can't resolve '@supabase/supabase-js'
> 1 | import { createClient } from "@supabase/supabase-js";
    | ^^^^^^^^^^^^^^^^^^^^^^^^^^^^^^^^^^^^^^^^^^^^^^^^^^^^^
  2 |
  3 | const supabaseUrl = process.env.NEXT_PUBLIC_SUPABASE_URL!;
  4 | const supabaseAnonKey = process.env.NEXT_PUBLIC_SUPABASE_ANON_KEY!;

Import traces:
  Client Component Browser:
    ./construction-staff-app/src/lib/supabase.ts [Client Component Browser]
    ./construction-staff-app/src/app/demo/manager/page.tsx [Client Component Browser]
    ./construction-staff-app/src/app/demo/manager/page.tsx [Server Component]

  Client Component SSR:
    ./construction-staff-app/src/lib/supabase.ts [Client Component SSR]
    ./construction-staff-app/src/app/demo/manager/page.tsx [Client Component SSR]
    ./construction-staff-app/src/app/demo/manager/page.tsx [Server Component]

https://nextjs.org/docs/messages/module-not-found @ http://localhost:3000/_next/static/chunks/4bb9c_next_dist_f6ff3daf._.js:3127
[  666632ms] [LOG] [Fast Refresh] rebuilding @ http://localhost:3000/_next/static/chunks/4bb9c_next_dist_f6ff3daf._.js:2297
[  685428ms] [LOG] [Fast Refresh] rebuilding @ http://localhost:3000/_next/static/chunks/4bb9c_next_dist_f6ff3daf._.js:2297
[  685438ms] [ERROR] ./construction-staff-app/src/lib/supabase.ts:1:1
Module not found: Can't resolve '@supabase/supabase-js'
> 1 | import { createClient } from "@supabase/supabase-js";
    | ^^^^^^^^^^^^^^^^^^^^^^^^^^^^^^^^^^^^^^^^^^^^^^^^^^^^^
  2 |
  3 | const supabaseUrl = process.env.NEXT_PUBLIC_SUPABASE_URL!;
  4 | const supabaseAnonKey = process.env.NEXT_PUBLIC_SUPABASE_ANON_KEY!;

Import traces:
  Client Component Browser:
    ./construction-staff-app/src/lib/supabase.ts [Client Component Browser]
    ./construction-staff-app/src/app/demo/manager/page.tsx [Client Component Browser]
    ./construction-staff-app/src/app/demo/manager/page.tsx [Server Component]

  Client Component SSR:
    ./construction-staff-app/src/lib/supabase.ts [Client Component SSR]
    ./construction-staff-app/src/app/demo/manager/page.tsx [Client Component SSR]
    ./construction-staff-app/src/app/demo/manager/page.tsx [Server Component]

https://nextjs.org/docs/messages/module-not-found @ http://localhost:3000/_next/static/chunks/4bb9c_next_dist_f6ff3daf._.js:3127
[  685539ms] [LOG] [Fast Refresh] rebuilding @ http://localhost:3000/_next/static/chunks/4bb9c_next_dist_f6ff3daf._.js:2297
[  685748ms] [ERROR] ./construction-staff-app/src/lib/supabase.ts:1:1
Module not found: Can't resolve '@supabase/supabase-js'
> 1 | import { createClient } from "@supabase/supabase-js";
    | ^^^^^^^^^^^^^^^^^^^^^^^^^^^^^^^^^^^^^^^^^^^^^^^^^^^^^
  2 |
  3 | const supabaseUrl = process.env.NEXT_PUBLIC_SUPABASE_URL!;
  4 | const supabaseAnonKey = process.env.NEXT_PUBLIC_SUPABASE_ANON_KEY!;

Import traces:
  Client Component Browser:
    ./construction-staff-app/src/lib/supabase.ts [Client Component Browser]
    ./construction-staff-app/src/app/demo/manager/page.tsx [Client Component Browser]
    ./construction-staff-app/src/app/demo/manager/page.tsx [Server Component]

  Client Component SSR:
    ./construction-staff-app/src/lib/supabase.ts [Client Component SSR]
    ./construction-staff-app/src/app/demo/manager/page.tsx [Client Component SSR]
    ./construction-staff-app/src/app/demo/manager/page.tsx [Server Component]

https://nextjs.org/docs/messages/module-not-found @ http://localhost:3000/_next/static/chunks/4bb9c_next_dist_f6ff3daf._.js:3127
[  685849ms] [LOG] [Fast Refresh] rebuilding @ http://localhost:3000/_next/static/chunks/4bb9c_next_dist_f6ff3daf._.js:2297
[  685963ms] [ERROR] ./construction-staff-app/src/lib/supabase.ts:1:1
Module not found: Can't resolve '@supabase/supabase-js'
> 1 | import { createClient } from "@supabase/supabase-js";
    | ^^^^^^^^^^^^^^^^^^^^^^^^^^^^^^^^^^^^^^^^^^^^^^^^^^^^^
  2 |
  3 | const supabaseUrl = process.env.NEXT_PUBLIC_SUPABASE_URL!;
  4 | const supabaseAnonKey = process.env.NEXT_PUBLIC_SUPABASE_ANON_KEY!;

Import traces:
  Client Component Browser:
    ./construction-staff-app/src/lib/supabase.ts [Client Component Browser]
    ./construction-staff-app/src/app/demo/manager/page.tsx [Client Component Browser]
    ./construction-staff-app/src/app/demo/manager/page.tsx [Server Component]

  Client Component SSR:
    ./construction-staff-app/src/lib/supabase.ts [Client Component SSR]
    ./construction-staff-app/src/app/demo/manager/page.tsx [Client Component SSR]
    ./construction-staff-app/src/app/demo/manager/page.tsx [Server Component]

https://nextjs.org/docs/messages/module-not-found @ http://localhost:3000/_next/static/chunks/4bb9c_next_dist_f6ff3daf._.js:3127
[  685982ms] [ERROR] Failed to load resource: the server responded with a status of 500 (Internal Server Error) @ http://localhost:3000/demo/manager:0
[  686050ms] [INFO] %cDownload the React DevTools for a better development experience: https://react.dev/link/react-devtools font-weight:bold @ http://localhost:3000/_next/static/chunks/4bb9c_react-dom_adf0182d._.js:15305
[  686089ms] Error: ./construction-staff-app/src/lib/supabase.ts:1:1
Module not found: Can't resolve '@supabase/supabase-js'
> 1 | import { createClient } from "@supabase/supabase-js";
    | ^^^^^^^^^^^^^^^^^^^^^^^^^^^^^^^^^^^^^^^^^^^^^^^^^^^^^
  2 |
  3 | const supabaseUrl = process.env.NEXT_PUBLIC_SUPABASE_URL!;
  4 | const supabaseAnonKey = process.env.NEXT_PUBLIC_SUPABASE_ANON_KEY!;



Import traces:
  Client Component Browser:
    ./construction-staff-app/src/lib/supabase.ts [Client Component Browser]
    ./construction-staff-app/src/app/demo/manager/page.tsx [Client Component Browser]
    ./construction-staff-app/src/app/demo/manager/page.tsx [Server Component]

  Client Component SSR:
    ./construction-staff-app/src/lib/supabase.ts [Client Component SSR]
    ./construction-staff-app/src/app/demo/manager/page.tsx [Client Component SSR]
    ./construction-staff-app/src/app/demo/manager/page.tsx [Server Component]

https://nextjs.org/docs/messages/module-not-found


    at <unknown> (Error: ./construction-staff-app/src/lib/supabase.ts:1:1)
    at <unknown> (https://nextjs.org/docs/messages/module-not-found)
    at Object.getCompilationErrors (file:///Users/natsuki.akiyama/construction-staff-app/node_modules/next/dist/server/dev/hot-reloader-turbopack.js:1008:59)
    at DevBundlerService.getCompilationError (file:///Users/natsuki.akiyama/construction-staff-app/node_modules/next/dist/server/lib/dev-bundler-service.js:44:55)
    at DevServer.getCompilationError (file:///Users/natsuki.akiyama/construction-staff-app/node_modules/next/dist/server/dev/next-dev-server.js:706:42)
    at DevServer.findPageComponents (file:///Users/natsuki.akiyama/construction-staff-app/node_modules/next/dist/server/dev/next-dev-server.js:676:43)
    at async DevServer.renderErrorToResponseImpl (file:///Users/natsuki.akiyama/construction-staff-app/node_modules/next/dist/server/base-server.js:1733:26)
[  686091ms] [LOG] [HMR] connected @ http://localhost:3000/_next/static/chunks/4bb9c_next_dist_2482fd9a._.js:1206
[  686096ms] [ERROR] ./construction-staff-app/src/lib/supabase.ts:1:1
Module not found: Can't resolve '@supabase/supabase-js'
> 1 | import { createClient } from "@supabase/supabase-js";
    | ^^^^^^^^^^^^^^^^^^^^^^^^^^^^^^^^^^^^^^^^^^^^^^^^^^^^^
  2 |
  3 | const supabaseUrl = process.env.NEXT_PUBLIC_SUPABASE_URL!;
  4 | const supabaseAnonKey = process.env.NEXT_PUBLIC_SUPABASE_ANON_KEY!;

Import traces:
  Client Component Browser:
    ./construction-staff-app/src/lib/supabase.ts [Client Component Browser]
    ./construction-staff-app/src/app/demo/manager/page.tsx [Client Component Browser]
    ./construction-staff-app/src/app/demo/manager/page.tsx [Server Component]

  Client Component SSR:
    ./construction-staff-app/src/lib/supabase.ts [Client Component SSR]
    ./construction-staff-app/src/app/demo/manager/page.tsx [Client Component SSR]
    ./construction-staff-app/src/app/demo/manager/page.tsx [Server Component]

https://nextjs.org/docs/messages/module-not-found @ http://localhost:3000/_next/static/chunks/4bb9c_next_dist_2482fd9a._.js:1920
[  686140ms] [ERROR] ./construction-staff-app/src/lib/supabase.ts:1:1
Module not found: Can't resolve '@supabase/supabase-js'
> 1 | import { createClient } from "@supabase/supabase-js";
    | ^^^^^^^^^^^^^^^^^^^^^^^^^^^^^^^^^^^^^^^^^^^^^^^^^^^^^
  2 |
  3 | const supabaseUrl = process.env.NEXT_PUBLIC_SUPABASE_URL!;
  4 | const supabaseAnonKey = process.env.NEXT_PUBLIC_SUPABASE_ANON_KEY!;

Import traces:
  Client Component Browser:
    ./construction-staff-app/src/lib/supabase.ts [Client Component Browser]
    ./construction-staff-app/src/app/demo/manager/page.tsx [Client Component Browser]
    ./construction-staff-app/src/app/demo/manager/page.tsx [Server Component]

  Client Component SSR:
    ./construction-staff-app/src/lib/supabase.ts [Client Component SSR]
    ./construction-staff-app/src/app/demo/manager/page.tsx [Client Component SSR]
    ./construction-staff-app/src/app/demo/manager/page.tsx [Server Component]

https://nextjs.org/docs/messages/module-not-found @ http://localhost:3000/_next/static/chunks/4bb9c_next_dist_2482fd9a._.js:1920
[  686197ms] [LOG] [Fast Refresh] rebuilding @ http://localhost:3000/_next/static/chunks/4bb9c_next_dist_2482fd9a._.js:1206
[  693621ms] [ERROR] ./construction-staff-app/src/lib/supabase.ts:1:1
Module not found: Can't resolve '@supabase/supabase-js'
> 1 | import { createClient } from "@supabase/supabase-js";
    | ^^^^^^^^^^^^^^^^^^^^^^^^^^^^^^^^^^^^^^^^^^^^^^^^^^^^^
  2 |
  3 | const supabaseUrl = process.env.NEXT_PUBLIC_SUPABASE_URL!;
  4 | const supabaseAnonKey = process.env.NEXT_PUBLIC_SUPABASE_ANON_KEY!;

Import traces:
  Client Component Browser:
    ./construction-staff-app/src/lib/supabase.ts [Client Component Browser]
    ./construction-staff-app/src/app/demo/manager/page.tsx [Client Component Browser]
    ./construction-staff-app/src/app/demo/manager/page.tsx [Server Component]

  Client Component SSR:
    ./construction-staff-app/src/lib/supabase.ts [Client Component SSR]
    ./construction-staff-app/src/app/demo/manager/page.tsx [Client Component SSR]
    ./construction-staff-app/src/app/demo/manager/page.tsx [Server Component]

https://nextjs.org/docs/messages/module-not-found @ http://localhost:3000/_next/static/chunks/4bb9c_next_dist_2482fd9a._.js:1920
[  693690ms] [LOG] [Fast Refresh] rebuilding @ http://localhost:3000/_next/static/chunks/4bb9c_next_dist_2482fd9a._.js:1206
[  861429ms] [ERROR] ./construction-staff-app/src/lib/supabase.ts:1:1
Module not found: Can't resolve '@supabase/supabase-js'
> 1 | import { createClient } from "@supabase/supabase-js";
    | ^^^^^^^^^^^^^^^^^^^^^^^^^^^^^^^^^^^^^^^^^^^^^^^^^^^^^
  2 |
  3 | const supabaseUrl = process.env.NEXT_PUBLIC_SUPABASE_URL!;
  4 | const supabaseAnonKey = process.env.NEXT_PUBLIC_SUPABASE_ANON_KEY!;

Import traces:
  Client Component Browser:
    ./construction-staff-app/src/lib/supabase.ts [Client Component Browser]
    ./construction-staff-app/src/app/demo/manager/page.tsx [Client Component Browser]
    ./construction-staff-app/src/app/demo/manager/page.tsx [Server Component]

  Client Component SSR:
    ./construction-staff-app/src/lib/supabase.ts [Client Component SSR]
    ./construction-staff-app/src/app/demo/manager/page.tsx [Client Component SSR]
    ./construction-staff-app/src/app/demo/manager/page.tsx [Server Component]

https://nextjs.org/docs/messages/module-not-found @ http://localhost:3000/_next/static/chunks/4bb9c_next_dist_2482fd9a._.js:1920
[  861494ms] [LOG] [Fast Refresh] rebuilding @ http://localhost:3000/_next/static/chunks/4bb9c_next_dist_2482fd9a._.js:1206
[  960691ms] [ERROR] ./construction-staff-app/src/lib/supabase.ts:1:1
Module not found: Can't resolve '@supabase/supabase-js'
> 1 | import { createClient } from "@supabase/supabase-js";
    | ^^^^^^^^^^^^^^^^^^^^^^^^^^^^^^^^^^^^^^^^^^^^^^^^^^^^^
  2 |
  3 | const supabaseUrl = process.env.NEXT_PUBLIC_SUPABASE_URL!;
  4 | const supabaseAnonKey = process.env.NEXT_PUBLIC_SUPABASE_ANON_KEY!;

Import traces:
  Client Component Browser:
    ./construction-staff-app/src/lib/supabase.ts [Client Component Browser]
    ./construction-staff-app/src/app/demo/manager/page.tsx [Client Component Browser]
    ./construction-staff-app/src/app/demo/manager/page.tsx [Server Component]

  Client Component SSR:
    ./construction-staff-app/src/lib/supabase.ts [Client Component SSR]
    ./construction-staff-app/src/app/demo/manager/page.tsx [Client Component SSR]
    ./construction-staff-app/src/app/demo/manager/page.tsx [Server Component]

https://nextjs.org/docs/messages/module-not-found @ http://localhost:3000/_next/static/chunks/4bb9c_next_dist_2482fd9a._.js:1920
[  960717ms] [LOG] [Fast Refresh] rebuilding @ http://localhost:3000/_next/static/chunks/4bb9c_next_dist_2482fd9a._.js:1206
[  960757ms] [ERROR] ./construction-staff-app/src/lib/supabase.ts:1:1
Module not found: Can't resolve '@supabase/supabase-js'
> 1 | import { createClient } from "@supabase/supabase-js";
    | ^^^^^^^^^^^^^^^^^^^^^^^^^^^^^^^^^^^^^^^^^^^^^^^^^^^^^
  2 |
  3 | const supabaseUrl = process.env.NEXT_PUBLIC_SUPABASE_URL!;
  4 | const supabaseAnonKey = process.env.NEXT_PUBLIC_SUPABASE_ANON_KEY!;

Import traces:
  Client Component Browser:
    ./construction-staff-app/src/lib/supabase.ts [Client Component Browser]
    ./construction-staff-app/src/app/demo/manager/page.tsx [Client Component Browser]
    ./construction-staff-app/src/app/demo/manager/page.tsx [Server Component]

  Client Component SSR:
    ./construction-staff-app/src/lib/supabase.ts [Client Component SSR]
    ./construction-staff-app/src/app/demo/manager/page.tsx [Client Component SSR]
    ./construction-staff-app/src/app/demo/manager/page.tsx [Server Component]

https://nextjs.org/docs/messages/module-not-found @ http://localhost:3000/_next/static/chunks/4bb9c_next_dist_2482fd9a._.js:1920
[  960820ms] [ERROR] ./construction-staff-app/src/lib/supabase.ts:1:1
Module not found: Can't resolve '@supabase/supabase-js'
> 1 | import { createClient } from "@supabase/supabase-js";
    | ^^^^^^^^^^^^^^^^^^^^^^^^^^^^^^^^^^^^^^^^^^^^^^^^^^^^^
  2 |
  3 | const supabaseUrl = process.env.NEXT_PUBLIC_SUPABASE_URL!;
  4 | const supabaseAnonKey = process.env.NEXT_PUBLIC_SUPABASE_ANON_KEY!;

Import traces:
  Client Component Browser:
    ./construction-staff-app/src/lib/supabase.ts [Client Component Browser]
    ./construction-staff-app/src/app/demo/manager/page.tsx [Client Component Browser]
    ./construction-staff-app/src/app/demo/manager/page.tsx [Server Component]

  Client Component SSR:
    ./construction-staff-app/src/lib/supabase.ts [Client Component SSR]
    ./construction-staff-app/src/app/demo/manager/page.tsx [Client Component SSR]
    ./construction-staff-app/src/app/demo/manager/page.tsx [Server Component]

https://nextjs.org/docs/messages/module-not-found @ http://localhost:3000/_next/static/chunks/4bb9c_next_dist_2482fd9a._.js:1920
[  960830ms] [ERROR] Failed to load resource: the server responded with a status of 500 (Internal Server Error) @ http://localhost:3000/demo/manager:0
[  960916ms] [INFO] %cDownload the React DevTools for a better development experience: https://react.dev/link/react-devtools font-weight:bold @ http://localhost:3000/_next/static/chunks/4bb9c_react-dom_adf0182d._.js:15305
[  960921ms] Error: ./construction-staff-app/src/lib/supabase.ts:1:1
Module not found: Can't resolve '@supabase/supabase-js'
> 1 | import { createClient } from "@supabase/supabase-js";
    | ^^^^^^^^^^^^^^^^^^^^^^^^^^^^^^^^^^^^^^^^^^^^^^^^^^^^^
  2 |
  3 | const supabaseUrl = process.env.NEXT_PUBLIC_SUPABASE_URL!;
  4 | const supabaseAnonKey = process.env.NEXT_PUBLIC_SUPABASE_ANON_KEY!;



Import traces:
  Client Component Browser:
    ./construction-staff-app/src/lib/supabase.ts [Client Component Browser]
    ./construction-staff-app/src/app/demo/manager/page.tsx [Client Component Browser]
    ./construction-staff-app/src/app/demo/manager/page.tsx [Server Component]

  Client Component SSR:
    ./construction-staff-app/src/lib/supabase.ts [Client Component SSR]
    ./construction-staff-app/src/app/demo/manager/page.tsx [Client Component SSR]
    ./construction-staff-app/src/app/demo/manager/page.tsx [Server Component]

https://nextjs.org/docs/messages/module-not-found


    at <unknown> (Error: ./construction-staff-app/src/lib/supabase.ts:1:1)
    at <unknown> (https://nextjs.org/docs/messages/module-not-found)
    at Object.getCompilationErrors (file:///Users/natsuki.akiyama/construction-staff-app/node_modules/next/dist/server/dev/hot-reloader-turbopack.js:1008:59)
    at DevBundlerService.getCompilationError (file:///Users/natsuki.akiyama/construction-staff-app/node_modules/next/dist/server/lib/dev-bundler-service.js:44:55)
    at DevServer.getCompilationError (file:///Users/natsuki.akiyama/construction-staff-app/node_modules/next/dist/server/dev/next-dev-server.js:706:42)
    at DevServer.findPageComponents (file:///Users/natsuki.akiyama/construction-staff-app/node_modules/next/dist/server/dev/next-dev-server.js:676:43)
    at async DevServer.renderErrorToResponseImpl (file:///Users/natsuki.akiyama/construction-staff-app/node_modules/next/dist/server/base-server.js:1733:26)
[  960923ms] [LOG] [HMR] connected @ http://localhost:3000/_next/static/chunks/4bb9c_next_dist_2482fd9a._.js:1206
[  960925ms] [ERROR] ./construction-staff-app/src/lib/supabase.ts:1:1
Module not found: Can't resolve '@supabase/supabase-js'
> 1 | import { createClient } from "@supabase/supabase-js";
    | ^^^^^^^^^^^^^^^^^^^^^^^^^^^^^^^^^^^^^^^^^^^^^^^^^^^^^
  2 |
  3 | const supabaseUrl = process.env.NEXT_PUBLIC_SUPABASE_URL!;
  4 | const supabaseAnonKey = process.env.NEXT_PUBLIC_SUPABASE_ANON_KEY!;

Import traces:
  Client Component Browser:
    ./construction-staff-app/src/lib/supabase.ts [Client Component Browser]
    ./construction-staff-app/src/app/demo/manager/page.tsx [Client Component Browser]
    ./construction-staff-app/src/app/demo/manager/page.tsx [Server Component]

  Client Component SSR:
    ./construction-staff-app/src/lib/supabase.ts [Client Component SSR]
    ./construction-staff-app/src/app/demo/manager/page.tsx [Client Component SSR]
    ./construction-staff-app/src/app/demo/manager/page.tsx [Server Component]

https://nextjs.org/docs/messages/module-not-found @ http://localhost:3000/_next/static/chunks/4bb9c_next_dist_2482fd9a._.js:1920
[  960957ms] [ERROR] ./construction-staff-app/src/lib/supabase.ts:1:1
Module not found: Can't resolve '@supabase/supabase-js'
> 1 | import { createClient } from "@supabase/supabase-js";
    | ^^^^^^^^^^^^^^^^^^^^^^^^^^^^^^^^^^^^^^^^^^^^^^^^^^^^^
  2 |
  3 | const supabaseUrl = process.env.NEXT_PUBLIC_SUPABASE_URL!;
  4 | const supabaseAnonKey = process.env.NEXT_PUBLIC_SUPABASE_ANON_KEY!;

Import traces:
  Client Component Browser:
    ./construction-staff-app/src/lib/supabase.ts [Client Component Browser]
    ./construction-staff-app/src/app/demo/manager/page.tsx [Client Component Browser]
    ./construction-staff-app/src/app/demo/manager/page.tsx [Server Component]

  Client Component SSR:
    ./construction-staff-app/src/lib/supabase.ts [Client Component SSR]
    ./construction-staff-app/src/app/demo/manager/page.tsx [Client Component SSR]
    ./construction-staff-app/src/app/demo/manager/page.tsx [Server Component]

https://nextjs.org/docs/messages/module-not-found @ http://localhost:3000/_next/static/chunks/4bb9c_next_dist_2482fd9a._.js:1920
[  961026ms] [LOG] [Fast Refresh] rebuilding @ http://localhost:3000/_next/static/chunks/4bb9c_next_dist_2482fd9a._.js:1206
[  969166ms] [ERROR] ./construction-staff-app/src/lib/supabase.ts:1:1
Module not found: Can't resolve '@supabase/supabase-js'
> 1 | import { createClient } from "@supabase/supabase-js";
    | ^^^^^^^^^^^^^^^^^^^^^^^^^^^^^^^^^^^^^^^^^^^^^^^^^^^^^
  2 |
  3 | const supabaseUrl = process.env.NEXT_PUBLIC_SUPABASE_URL!;
  4 | const supabaseAnonKey = process.env.NEXT_PUBLIC_SUPABASE_ANON_KEY!;

Import traces:
  Client Component Browser:
    ./construction-staff-app/src/lib/supabase.ts [Client Component Browser]
    ./construction-staff-app/src/app/demo/manager/page.tsx [Client Component Browser]
    ./construction-staff-app/src/app/demo/manager/page.tsx [Server Component]

  Client Component SSR:
    ./construction-staff-app/src/lib/supabase.ts [Client Component SSR]
    ./construction-staff-app/src/app/demo/manager/page.tsx [Client Component SSR]
    ./construction-staff-app/src/app/demo/manager/page.tsx [Server Component]

https://nextjs.org/docs/messages/module-not-found @ http://localhost:3000/_next/static/chunks/4bb9c_next_dist_2482fd9a._.js:1920
[  969234ms] [LOG] [Fast Refresh] rebuilding @ http://localhost:3000/_next/static/chunks/4bb9c_next_dist_2482fd9a._.js:1206
[ 1011973ms] [ERROR] ./construction-staff-app/src/lib/supabase.ts:1:1
Module not found: Can't resolve '@supabase/supabase-js'
> 1 | import { createClient } from "@supabase/supabase-js";
    | ^^^^^^^^^^^^^^^^^^^^^^^^^^^^^^^^^^^^^^^^^^^^^^^^^^^^^
  2 |
  3 | const supabaseUrl = process.env.NEXT_PUBLIC_SUPABASE_URL!;
  4 | const supabaseAnonKey = process.env.NEXT_PUBLIC_SUPABASE_ANON_KEY!;

Import traces:
  Client Component Browser:
    ./construction-staff-app/src/lib/supabase.ts [Client Component Browser]
    ./construction-staff-app/src/app/demo/manager/page.tsx [Client Component Browser]
    ./construction-staff-app/src/app/demo/manager/page.tsx [Server Component]

  Client Component SSR:
    ./construction-staff-app/src/lib/supabase.ts [Client Component SSR]
    ./construction-staff-app/src/app/demo/manager/page.tsx [Client Component SSR]
    ./construction-staff-app/src/app/demo/manager/page.tsx [Server Component]

https://nextjs.org/docs/messages/module-not-found @ http://localhost:3000/_next/static/chunks/4bb9c_next_dist_2482fd9a._.js:1920
[ 1012038ms] [LOG] [Fast Refresh] rebuilding @ http://localhost:3000/_next/static/chunks/4bb9c_next_dist_2482fd9a._.js:1206
[ 1022887ms] [LOG] [Fast Refresh] rebuilding @ http://localhost:3000/_next/static/chunks/4bb9c_next_dist_2482fd9a._.js:1206
[ 1022888ms] [ERROR] ./construction-staff-app/src/lib/supabase.ts:1:1
Module not found: Can't resolve '@supabase/supabase-js'
> 1 | import { createClient } from "@supabase/supabase-js";
    | ^^^^^^^^^^^^^^^^^^^^^^^^^^^^^^^^^^^^^^^^^^^^^^^^^^^^^
  2 |
  3 | const supabaseUrl = process.env.NEXT_PUBLIC_SUPABASE_URL!;
  4 | const supabaseAnonKey = process.env.NEXT_PUBLIC_SUPABASE_ANON_KEY!;

Import traces:
  Client Component Browser:
    ./construction-staff-app/src/lib/supabase.ts [Client Component Browser]
    ./construction-staff-app/src/app/demo/manager/page.tsx [Client Component Browser]
    ./construction-staff-app/src/app/demo/manager/page.tsx [Server Component]

  Client Component SSR:
    ./construction-staff-app/src/lib/supabase.ts [Client Component SSR]
    ./construction-staff-app/src/app/demo/manager/page.tsx [Client Component SSR]
    ./construction-staff-app/src/app/demo/manager/page.tsx [Server Component]

https://nextjs.org/docs/messages/module-not-found @ http://localhost:3000/_next/static/chunks/4bb9c_next_dist_2482fd9a._.js:1920
[ 1022988ms] [LOG] [Fast Refresh] rebuilding @ http://localhost:3000/_next/static/chunks/4bb9c_next_dist_2482fd9a._.js:1206
[ 1023260ms] [LOG] [Fast Refresh] done in 335ms @ http://localhost:3000/_next/static/chunks/4bb9c_next_dist_2482fd9a._.js:1206
[ 1023368ms] [LOG] [Fast Refresh] rebuilding @ http://localhost:3000/_next/static/chunks/4bb9c_next_dist_2482fd9a._.js:1206
[ 1023449ms] [LOG] [Fast Refresh] done in 181ms @ http://localhost:3000/_next/static/chunks/4bb9c_next_dist_2482fd9a._.js:1206
[ 1023565ms] [INFO] %cDownload the React DevTools for a better development experience: https://react.dev/link/react-devtools font-weight:bold @ http://localhost:3000/_next/static/chunks/4bb9c_next_dist_f6ff3daf._.js:2297
[ 1023622ms] [LOG] [HMR] connected @ http://localhost:3000/_next/static/chunks/4bb9c_next_dist_f6ff3daf._.js:2297
[ 1096206ms] [LOG] [HMR] connected @ http://localhost:3000/_next/static/chunks/4bb9c_next_dist_f6ff3daf._.js:2297
